<?xml version="1.0" encoding="UTF-8"?>
<!-- Generated by org.testng.reporters.JUnitReportReporter -->
<testsuite hostname="DESKTOP-LUT3JP7" failures="0" tests="1" name="testcases.Search_product" time="30.326" errors="0" timestamp="29 Aug 2021 08:45:55 GMT" skipped="0">
  <testcase classname="testcases.Search_product" name="search" time="30.326"/>
</testsuite> <!-- testcases.Search_product -->
