<?xml version="1.0" encoding="UTF-8"?>
<!-- Generated by org.testng.reporters.JUnitReportReporter -->
<testsuite hostname="DESKTOP-LUT3JP7" failures="0" tests="1" name="testcases.Login_Page" time="11.676" errors="0" timestamp="29 Aug 2021 08:45:55 GMT" skipped="0">
  <testcase classname="testcases.Login_Page" name="login" time="11.676"/>
</testsuite> <!-- testcases.Login_Page -->
